\BOOKMARK [1][-]{Abstract.1}{Abstract}{}% 1
\BOOKMARK [1][-]{Acknowledgements.1}{Acknowledgements}{}% 2
\BOOKMARK [1][-]{tableofcontents.1}{Contents}{}% 3
\BOOKMARK [1][-]{lof.1}{List of Figures}{}% 4
\BOOKMARK [1][-]{lot.1}{List of Tables}{}% 5
\BOOKMARK [1][-]{lol.1}{Listings}{}% 6
\BOOKMARK [1][-]{acronyms.1}{Acronyms}{}% 7
\BOOKMARK [-1][]{part.1}{Thesis}{}% 8
\BOOKMARK [0][]{chapter.1}{1 Introduction}{part.1}% 9
\BOOKMARK [1][-]{section.1.1}{1.1 Overview}{chapter.1}% 10
\BOOKMARK [2][-]{subsection.1.1.1}{1.1.1 What is ontology}{section.1.1}% 11
\BOOKMARK [2][-]{subsection.1.1.2}{1.1.2 Barriers to adoption}{section.1.1}% 12
\BOOKMARK [1][-]{section.1.2}{1.2 Aims and Objectives}{chapter.1}% 13
\BOOKMARK [1][-]{section.1.3}{1.3 Thesis organisation}{chapter.1}% 14
\BOOKMARK [1][-]{section.1.4}{1.4 Papers published over the course of this research}{chapter.1}% 15
\BOOKMARK [0][]{chapter.2}{2 Literature Review}{part.1}% 16
\BOOKMARK [1][-]{section.2.1}{2.1 Current State of Data Integration in the Rail Domain}{chapter.2}% 17
\BOOKMARK [2][-]{subsection.2.1.1}{2.1.1 Information Security in the Rail Domain}{section.2.1}% 18
\BOOKMARK [1][-]{section.2.2}{2.2 Ontology}{chapter.2}% 19
\BOOKMARK [2][-]{subsection.2.2.1}{2.2.1 Ontology Reasoning}{section.2.2}% 20
\BOOKMARK [2][-]{subsection.2.2.2}{2.2.2 Ontology related terminology}{section.2.2}% 21
\BOOKMARK [1][-]{section.2.3}{2.3 Standards for data integration}{chapter.2}% 22
\BOOKMARK [2][-]{subsection.2.3.1}{2.3.1 Basic Standards}{section.2.3}% 23
\BOOKMARK [1][-]{section.2.4}{2.4 Software tools}{chapter.2}% 24
\BOOKMARK [1][-]{section.2.5}{2.5 Benefits of ontology for data integration}{chapter.2}% 25
\BOOKMARK [2][-]{subsection.2.5.1}{2.5.1 Multi-modal transport}{section.2.5}% 26
\BOOKMARK [1][-]{section.2.6}{2.6 Data integration in other industries}{chapter.2}% 27
\BOOKMARK [2][-]{subsection.2.6.1}{2.6.1 Industries implementing Ontology}{section.2.6}% 28
\BOOKMARK [2][-]{subsection.2.6.2}{2.6.2 Other Domains}{section.2.6}% 29
\BOOKMARK [2][-]{subsection.2.6.3}{2.6.3 Virtual Personal Assistants}{section.2.6}% 30
\BOOKMARK [1][-]{section.2.7}{2.7 Progress towards improved data integration in the rail domain}{chapter.2}% 31
\BOOKMARK [2][-]{subsection.2.7.1}{2.7.1 Non-ontology data integration}{section.2.7}% 32
\BOOKMARK [2][-]{subsection.2.7.2}{2.7.2 Ontology based integration within the rail domain}{section.2.7}% 33
\BOOKMARK [1][-]{section.2.8}{2.8 Conclusions}{chapter.2}% 34
\BOOKMARK [0][]{chapter.3}{3 Problem Statement}{part.1}% 35
\BOOKMARK [0][]{chapter.4}{4 Schedule Processing Tool}{part.1}% 36
\BOOKMARK [1][-]{section.4.1}{4.1 Introduction}{chapter.4}% 37
\BOOKMARK [1][-]{section.4.2}{4.2 Transition to Linked Data}{chapter.4}% 38
\BOOKMARK [2][-]{subsection.4.2.1}{4.2.1 Extending the ontology}{section.4.2}% 39
\BOOKMARK [2][-]{subsection.4.2.2}{4.2.2 Tools for processing A-Box data}{section.4.2}% 40
\BOOKMARK [1][-]{section.4.3}{4.3 Data to be imported}{chapter.4}% 41
\BOOKMARK [2][-]{subsection.4.3.1}{4.3.1 Legacy Resource Format}{section.4.3}% 42
\BOOKMARK [1][-]{section.4.4}{4.4 General Software Design Patterns}{chapter.4}% 43
\BOOKMARK [1][-]{section.4.5}{4.5 Software implementation}{chapter.4}% 44
\BOOKMARK [2][-]{subsection.4.5.1}{4.5.1 Hardware Specification}{section.4.5}% 45
\BOOKMARK [1][-]{section.4.6}{4.6 Manual Data Entry Tool}{chapter.4}% 46
\BOOKMARK [2][-]{subsection.4.6.1}{4.6.1 Manual Data Entry Tool: Implementation}{section.4.6}% 47
\BOOKMARK [1][-]{section.4.7}{4.7 Results}{chapter.4}% 48
\BOOKMARK [1][-]{section.4.8}{4.8 Conclusions}{chapter.4}% 49
\BOOKMARK [1][-]{section.4.9}{4.9 Further Work}{chapter.4}% 50
\BOOKMARK [0][]{chapter.5}{5 Use of a Middleware Layer with Ontologies}{part.1}% 51
\BOOKMARK [1][-]{section.5.1}{5.1 Introduction}{chapter.5}% 52
\BOOKMARK [2][-]{subsection.5.1.1}{5.1.1 Questions Considered}{section.5.1}% 53
\BOOKMARK [2][-]{subsection.5.1.2}{5.1.2 Roles}{section.5.1}% 54
\BOOKMARK [2][-]{subsection.5.1.3}{5.1.3 Data Volumes}{section.5.1}% 55
\BOOKMARK [1][-]{section.5.2}{5.2 Functionality}{chapter.5}% 56
\BOOKMARK [2][-]{subsection.5.2.1}{5.2.1 Brokering: acting as an intermediary between client and server}{section.5.2}% 57
\BOOKMARK [2][-]{subsection.5.2.2}{5.2.2 Datastore aggregation}{section.5.2}% 58
\BOOKMARK [2][-]{subsection.5.2.3}{5.2.3 Stored Procedures}{section.5.2}% 59
\BOOKMARK [2][-]{subsection.5.2.4}{5.2.4 Information Security}{section.5.2}% 60
\BOOKMARK [2][-]{subsection.5.2.5}{5.2.5 Centralising Common Functionality}{section.5.2}% 61
\BOOKMARK [1][-]{section.5.3}{5.3 Middleware Design Patterns}{chapter.5}% 62
\BOOKMARK [1][-]{section.5.4}{5.4 Implementation}{chapter.5}% 63
\BOOKMARK [2][-]{subsection.5.4.1}{5.4.1 Modular Structure}{section.5.4}% 64
\BOOKMARK [2][-]{subsection.5.4.2}{5.4.2 RacoonMiddleware}{section.5.4}% 65
\BOOKMARK [2][-]{subsection.5.4.3}{5.4.3 MiddlewareBussinessObjects}{section.5.4}% 66
\BOOKMARK [2][-]{subsection.5.4.4}{5.4.4 Datastore connections}{section.5.4}% 67
\BOOKMARK [2][-]{subsection.5.4.5}{5.4.5 Administration Tools}{section.5.4}% 68
\BOOKMARK [1][-]{section.5.5}{5.5 Access Control Implementation}{chapter.5}% 69
\BOOKMARK [1][-]{section.5.6}{5.6 Conclusions}{chapter.5}% 70
\BOOKMARK [1][-]{section.5.7}{5.7 Further work}{chapter.5}% 71
\BOOKMARK [2][-]{subsection.5.7.1}{5.7.1 Scalability}{section.5.7}% 72
\BOOKMARK [0][]{chapter.6}{6 Combined Alternative Positioning and Signalling System}{part.1}% 73
\BOOKMARK [1][-]{section.6.1}{6.1 Introduction}{chapter.6}% 74
\BOOKMARK [2][-]{subsection.6.1.1}{6.1.1 The commercial case for degraded mode signalling}{section.6.1}% 75
\BOOKMARK [2][-]{subsection.6.1.2}{6.1.2 Objectives}{section.6.1}% 76
\BOOKMARK [2][-]{subsection.6.1.3}{6.1.3 Client Requirements}{section.6.1}% 77
\BOOKMARK [1][-]{section.6.2}{6.2 System design and specification}{chapter.6}% 78
\BOOKMARK [2][-]{subsection.6.2.1}{6.2.1 Demonstrated scenarios}{section.6.2}% 79
\BOOKMARK [2][-]{subsection.6.2.2}{6.2.2 System Architecture}{section.6.2}% 80
\BOOKMARK [1][-]{section.6.3}{6.3 Data Sources}{chapter.6}% 81
\BOOKMARK [1][-]{section.6.4}{6.4 Role of Ontology}{chapter.6}% 82
\BOOKMARK [1][-]{section.6.5}{6.5 Demonstrator Implementation}{chapter.6}% 83
\BOOKMARK [2][-]{subsection.6.5.1}{6.5.1 Demonstrator One}{section.6.5}% 84
\BOOKMARK [2][-]{subsection.6.5.2}{6.5.2 Demonstrator Two}{section.6.5}% 85
\BOOKMARK [1][-]{section.6.6}{6.6 Conclusions}{chapter.6}% 86
\BOOKMARK [2][-]{subsection.6.6.1}{6.6.1 Benefits of Ontology}{section.6.6}% 87
\BOOKMARK [2][-]{subsection.6.6.2}{6.6.2 Role of tools to connect to the ontology}{section.6.6}% 88
\BOOKMARK [2][-]{subsection.6.6.3}{6.6.3 Questions Answered}{section.6.6}% 89
\BOOKMARK [1][-]{section.6.7}{6.7 Further Work}{chapter.6}% 90
\BOOKMARK [0][]{chapter.7}{7 Conclusions}{part.1}% 91
\BOOKMARK [1][-]{section.7.1}{7.1 Response to Research Questions}{chapter.7}% 92
\BOOKMARK [2][-]{subsection.7.1.1}{7.1.1 Given the diverse information environment within the rail industry, how can heterogeneous datasources be combined, where there is value in so doing?}{section.7.1}% 93
\BOOKMARK [2][-]{subsection.7.1.2}{7.1.2 Given the current shortage of engineers with experience editing or connecting to ontologies, is it possible to create tools which improve their uptake and adoption?}{section.7.1}% 94
\BOOKMARK [2][-]{subsection.7.1.3}{7.1.3 Given that many stakeholders can benefit from combining multiple data sources, what techniques enable this?}{section.7.1}% 95
\BOOKMARK [2][-]{subsection.7.1.4}{7.1.4 Can an intermediary layer isolate information systems from changes to datastore interfaces?}{section.7.1}% 96
\BOOKMARK [2][-]{subsection.7.1.5}{7.1.5 Given the velocity and volume of data within the rail domain, can an ontology based architecture be deployed on the scale of a national rail network?}{section.7.1}% 97
\BOOKMARK [2][-]{subsection.7.1.6}{7.1.6 How can datastore security be managed within the setting of an ontology and IT infrastructure?}{section.7.1}% 98
\BOOKMARK [-1][]{part.2}{Appendix}{}% 99
\BOOKMARK [0][]{appendix.A}{A Appendix A Manual Data Entry Tool GUI}{part.2}% 100
\BOOKMARK [1][-]{section.A.1}{A.1 Add an item}{appendix.A}% 101
\BOOKMARK [0][]{appendix.B}{B Stored procedure}{part.2}% 102
\BOOKMARK [0][]{dummy.6}{Bibliography}{part.2}% 103
